> Task :compileJava UP-TO-DATE
> Task :processResources UP-TO-DATE
> Task :classes UP-TO-DATE
> Task :resolveMainClassName

> Task :bootRun

  .   ____          _            __ _ _
 /\\ / ___'_ __ _ _(_)_ __  __ _ \ \ \ \
( ( )\___ | '_ | '_| | '_ \/ _` | \ \ \ \
 \\/  ___)| |_)| | | | | || (_| |  ) ) ) )
  '  |____| .__|_| |_|_| |_\__, | / / / /
 =========|_|==============|___/=/_/_/_/

 :: Spring Boot ::                (v3.4.2)

2026-03-30T06:47:22.241Z  INFO 25628 --- [           main] com.sayai.record.RecordApplication       : Starting RecordApplication using Java 21.0.10 with PID 25628 (/app/build/classes/java/main started by jules in /app)
2026-03-30T06:47:22.248Z  INFO 25628 --- [           main] com.sayai.record.RecordApplication       : No active profile set, falling back to 1 default profile: "default"
2026-03-30T06:47:24.202Z  INFO 25628 --- [           main] .s.d.r.c.RepositoryConfigurationDelegate : Bootstrapping Spring Data JPA repositories in DEFAULT mode.
2026-03-30T06:47:24.433Z  INFO 25628 --- [           main] .s.d.r.c.RepositoryConfigurationDelegate : Finished Spring Data repository scanning in 212 ms. Found 16 JPA repository interfaces.
2026-03-30T06:47:25.503Z  INFO 25628 --- [           main] o.s.b.w.embedded.tomcat.TomcatWebServer  : Tomcat initialized with port 8080 (http)
2026-03-30T06:47:25.527Z  INFO 25628 --- [           main] o.apache.catalina.core.StandardService   : Starting service [Tomcat]
2026-03-30T06:47:25.527Z  INFO 25628 --- [           main] o.apache.catalina.core.StandardEngine    : Starting Servlet engine: [Apache Tomcat/10.1.34]
2026-03-30T06:47:25.597Z  INFO 25628 --- [           main] o.a.c.c.C.[Tomcat].[localhost].[/]       : Initializing Spring embedded WebApplicationContext
2026-03-30T06:47:25.599Z  INFO 25628 --- [           main] w.s.c.ServletWebServerApplicationContext : Root WebApplicationContext: initialization completed in 2933 ms
2026-03-30T06:47:25.845Z  INFO 25628 --- [           main] o.hibernate.jpa.internal.util.LogHelper  : HHH000204: Processing PersistenceUnitInfo [name: default]
2026-03-30T06:47:25.938Z  INFO 25628 --- [           main] org.hibernate.Version                    : HHH000412: Hibernate ORM core version 6.6.5.Final
2026-03-30T06:47:25.983Z  INFO 25628 --- [           main] o.h.c.internal.RegionFactoryInitiator    : HHH000026: Second-level cache disabled
2026-03-30T06:47:26.362Z  INFO 25628 --- [           main] o.s.o.j.p.SpringPersistenceUnitInfo      : No LoadTimeWeaver setup: ignoring JPA class transformer
2026-03-30T06:47:26.396Z  INFO 25628 --- [           main] com.zaxxer.hikari.HikariDataSource       : HikariPool-1 - Starting...
2026-03-30T06:47:29.116Z  INFO 25628 --- [           main] com.zaxxer.hikari.pool.HikariPool        : HikariPool-1 - Added connection com.mysql.cj.jdbc.ConnectionImpl@5c13af01
2026-03-30T06:47:29.119Z  INFO 25628 --- [           main] com.zaxxer.hikari.HikariDataSource       : HikariPool-1 - Start completed.
2026-03-30T06:47:29.585Z  INFO 25628 --- [           main] org.hibernate.orm.connections.pooling    : HHH10001005: Database info:
	Database JDBC URL [Connecting through datasource 'HikariDataSource (HikariPool-1)']
	Database driver: undefined/unknown
	Database version: 8.0.44
	Autocommit mode: undefined/unknown
	Isolation level: undefined/unknown
	Minimum pool size: undefined/unknown
	Maximum pool size: undefined/unknown
2026-03-30T06:47:31.324Z  INFO 25628 --- [           main] o.h.e.t.j.p.i.JtaPlatformInitiator       : HHH000489: No JTA platform available (set 'hibernate.transaction.jta.platform' to enable JTA platform integration)
2026-03-30T06:47:31.329Z  INFO 25628 --- [           main] j.LocalContainerEntityManagerFactoryBean : Initialized JPA EntityManagerFactory for persistence unit 'default'
2026-03-30T06:47:31.683Z  INFO 25628 --- [           main] o.s.d.j.r.query.QueryEnhancerFactory     : Hibernate is in classpath; If applicable, HQL parser will be used.
Hibernate:
    select
        fg1_0.seq,
        fg1_0.created_at,
        fg1_0.draft_date,
        fg1_0.draft_time_limit,
        fg1_0.game_duration,
        fg1_0.max_participants,
        fg1_0.next_pick_deadline,
        fg1_0.rounds,
        fg1_0.rule_type,
        fg1_0.salary_cap,
        fg1_0.scoring_settings,
        fg1_0.scoring_type,
        fg1_0.status,
        fg1_0.title,
        fg1_0.use_first_pick_rule,
        fg1_0.use_team_restriction
    from
        ft_games fg1_0
    where
        fg1_0.status=?
2026-03-30T06:47:35.797Z  INFO 25628 --- [           main] c.s.r.fantasy.service.DraftScheduler     : DraftScheduler initialized with 0 active drafting games.
2026-03-30T06:47:37.409Z  WARN 25628 --- [           main] JpaBaseConfiguration$JpaWebConfiguration : spring.jpa.open-in-view is enabled by default. Therefore, database queries may be performed during view rendering. Explicitly configure spring.jpa.open-in-view to disable this warning
2026-03-30T06:47:37.439Z  WARN 25628 --- [           main] .s.s.UserDetailsServiceAutoConfiguration :

Using generated security password: f8d0afb7-0d3d-4382-ba02-0299a43e62f7

This generated password is for development use only. Your security configuration must be updated before running your application in production.

2026-03-30T06:47:37.448Z  INFO 25628 --- [           main] r$InitializeUserDetailsManagerConfigurer : Global AuthenticationManager configured with UserDetailsService bean with name inMemoryUserDetailsManager
2026-03-30T06:47:37.680Z  INFO 25628 --- [           main] o.s.b.a.w.s.WelcomePageHandlerMapping    : Adding welcome page template: index
2026-03-30T06:47:38.939Z  INFO 25628 --- [           main] o.s.m.s.b.SimpleBrokerMessageHandler     : Starting...
2026-03-30T06:47:38.940Z  INFO 25628 --- [           main] o.s.m.s.b.SimpleBrokerMessageHandler     : BrokerAvailabilityEvent[available=true, SimpleBrokerMessageHandler [org.springframework.messaging.simp.broker.DefaultSubscriptionRegistry@705d44cd]]
2026-03-30T06:47:38.942Z  INFO 25628 --- [           main] o.s.m.s.b.SimpleBrokerMessageHandler     : Started.
2026-03-30T06:47:38.971Z  INFO 25628 --- [           main] o.s.b.w.embedded.tomcat.TomcatWebServer  : Tomcat started on port 8080 (http) with context path '/'
2026-03-30T06:47:38.987Z  INFO 25628 --- [           main] com.sayai.record.RecordApplication       : Started RecordApplication in 17.465 seconds (process running for 17.981)
2026-03-30T06:48:25.724Z  INFO 25628 --- [nio-8080-exec-1] o.a.c.c.C.[Tomcat].[localhost].[/]       : Initializing Spring DispatcherServlet 'dispatcherServlet'
2026-03-30T06:48:25.724Z  INFO 25628 --- [nio-8080-exec-1] o.s.web.servlet.DispatcherServlet        : Initializing Servlet 'dispatcherServlet'
2026-03-30T06:48:25.727Z  INFO 25628 --- [nio-8080-exec-1] o.s.web.servlet.DispatcherServlet        : Completed initialization in 3 ms
2026-03-30T06:48:38.935Z  INFO 25628 --- [MessageBroker-2] o.s.w.s.c.WebSocketMessageBrokerStats    : WebSocketSession[0 current WS(0)-HttpStream(0)-HttpPoll(0), 0 total, 0 closed abnormally (0 connect failure, 0 send limit, 0 transport error)], stompSubProtocol[processed CONNECT(0)-CONNECTED(0)-DISCONNECT(0)], stompBrokerRelay[null], inboundChannel[pool size = 0, active threads = 0, queued tasks = 0, completed tasks = 0], outboundChannel[pool size = 0, active threads = 0, queued tasks = 0, completed tasks = 0], sockJsScheduler[pool size = 4, active threads = 1, queued tasks = 1, completed tasks = 6]
2026-03-30T06:50:11.174Z  WARN 25628 --- [nio-8080-exec-4] actStandardFragmentInsertionTagProcessor : [THYMELEAF][http-nio-8080-exec-4][index] Deprecated unwrapped fragment expression "fragments/gnb :: #gnb" found in template index, line 15, col 15. Please use the complete syntax of fragment expressions instead ("~{fragments/gnb :: #gnb}"). The old, unwrapped syntax for fragment expressions will be removed in future versions of Thymeleaf.
2026-03-30T06:50:11.190Z  WARN 25628 --- [nio-8080-exec-4] actStandardFragmentInsertionTagProcessor : [THYMELEAF][http-nio-8080-exec-4][index] Deprecated unwrapped fragment expression "fragments/login-modal :: #login-modal" found in template index, line 18, col 15. Please use the complete syntax of fragment expressions instead ("~{fragments/login-modal :: #login-modal}"). The old, unwrapped syntax for fragment expressions will be removed in future versions of Thymeleaf.
