> Task :compileJava UP-TO-DATE
> Task :processResources
> Task :classes
> Task :resolveMainClassName

> Task :bootRun

  .   ____          _            __ _ _
 /\\ / ___'_ __ _ _(_)_ __  __ _ \ \ \ \
( ( )\___ | '_ | '_| | '_ \/ _` | \ \ \ \
 \\/  ___)| |_)| | | | | || (_| |  ) ) ) )
  '  |____| .__|_| |_|_| |_\__, | / / / /
 =========|_|==============|___/=/_/_/_/

 :: Spring Boot ::                (v3.4.2)

2026-02-02T04:42:18.943Z  INFO 41207 --- [           main] com.sayai.record.RecordApplication       : Starting RecordApplication using Java 21.0.9 with PID 41207 (/app/build/classes/java/main started by jules in /app)
2026-02-02T04:42:18.946Z  INFO 41207 --- [           main] com.sayai.record.RecordApplication       : The following 1 profile is active: "h2"
2026-02-02T04:42:20.108Z  INFO 41207 --- [           main] .s.d.r.c.RepositoryConfigurationDelegate : Bootstrapping Spring Data JPA repositories in DEFAULT mode.
2026-02-02T04:42:20.224Z  INFO 41207 --- [           main] .s.d.r.c.RepositoryConfigurationDelegate : Finished Spring Data repository scanning in 106 ms. Found 12 JPA repository interfaces.
2026-02-02T04:42:20.929Z  INFO 41207 --- [           main] o.s.b.w.embedded.tomcat.TomcatWebServer  : Tomcat initialized with port 8080 (http)
2026-02-02T04:42:20.946Z  INFO 41207 --- [           main] o.apache.catalina.core.StandardService   : Starting service [Tomcat]
2026-02-02T04:42:20.947Z  INFO 41207 --- [           main] o.apache.catalina.core.StandardEngine    : Starting Servlet engine: [Apache Tomcat/10.1.34]
2026-02-02T04:42:21.008Z  INFO 41207 --- [           main] o.a.c.c.C.[Tomcat].[localhost].[/]       : Initializing Spring embedded WebApplicationContext
2026-02-02T04:42:21.010Z  INFO 41207 --- [           main] w.s.c.ServletWebServerApplicationContext : Root WebApplicationContext: initialization completed in 1803 ms
2026-02-02T04:42:21.185Z  INFO 41207 --- [           main] o.hibernate.jpa.internal.util.LogHelper  : HHH000204: Processing PersistenceUnitInfo [name: default]
2026-02-02T04:42:21.238Z  INFO 41207 --- [           main] org.hibernate.Version                    : HHH000412: Hibernate ORM core version 6.6.5.Final
2026-02-02T04:42:21.305Z  INFO 41207 --- [           main] o.h.c.internal.RegionFactoryInitiator    : HHH000026: Second-level cache disabled
2026-02-02T04:42:21.613Z  INFO 41207 --- [           main] o.s.o.j.p.SpringPersistenceUnitInfo      : No LoadTimeWeaver setup: ignoring JPA class transformer
2026-02-02T04:42:21.645Z  INFO 41207 --- [           main] com.zaxxer.hikari.HikariDataSource       : HikariPool-1 - Starting...
2026-02-02T04:42:21.860Z  INFO 41207 --- [           main] com.zaxxer.hikari.pool.HikariPool        : HikariPool-1 - Added connection conn0: url=jdbc:h2:mem:testdb user=SA
2026-02-02T04:42:21.863Z  INFO 41207 --- [           main] com.zaxxer.hikari.HikariDataSource       : HikariPool-1 - Start completed.
2026-02-02T04:42:21.890Z  WARN 41207 --- [           main] org.hibernate.orm.deprecation            : HHH90000025: H2Dialect does not need to be specified explicitly using 'hibernate.dialect' (remove the property setting and it will be selected by default)
2026-02-02T04:42:21.913Z  INFO 41207 --- [           main] org.hibernate.orm.connections.pooling    : HHH10001005: Database info:
	Database JDBC URL [Connecting through datasource 'HikariDataSource (HikariPool-1)']
	Database driver: undefined/unknown
	Database version: 2.3.232
	Autocommit mode: undefined/unknown
	Isolation level: undefined/unknown
	Minimum pool size: undefined/unknown
	Maximum pool size: undefined/unknown
2026-02-02T04:42:23.303Z  INFO 41207 --- [           main] o.h.e.t.j.p.i.JtaPlatformInitiator       : HHH000489: No JTA platform available (set 'hibernate.transaction.jta.platform' to enable JTA platform integration)
Hibernate:
    drop table if exists app_users cascade
Hibernate:
    drop table if exists ft_draft_picks cascade
Hibernate:
    drop table if exists ft_games cascade
Hibernate:
    drop table if exists ft_participants cascade
Hibernate:
    drop table if exists ft_players cascade
Hibernate:
    drop table if exists game cascade
Hibernate:
    drop table if exists hit cascade
Hibernate:
    drop table if exists hitter_board cascade
Hibernate:
    drop table if exists lig cascade
Hibernate:
    drop table if exists pitch cascade
Hibernate:
    drop table if exists pitch_board cascade
Hibernate:
    drop table if exists player cascade
Hibernate:
    create table app_users (
        player_id bigint not null,
        name varchar(255) not null,
        password varchar(255) not null,
        user_id varchar(255) not null unique,
        role enum ('ADMIN','USER') not null,
        primary key (player_id)
    )
Hibernate:
    create table ft_draft_picks (
        pick_number integer,
        fantasy_game_seq bigint,
        fantasy_player_seq bigint,
        picked_at timestamp(6),
        player_id bigint,
        seq bigint generated by default as identity,
        primary key (seq)
    )
Hibernate:
    create table ft_games (
        draft_time_limit integer,
        max_participants integer,
        salary_cap integer,
        use_first_pick_rule boolean,
        use_team_restriction boolean,
        created_at timestamp(6),
        draft_date timestamp(6),
        next_pick_deadline timestamp(6),
        seq bigint generated by default as identity,
        game_duration varchar(255),
        scoring_settings TEXT,
        title varchar(255),
        rule_type enum ('RULE_1','RULE_2'),
        scoring_type enum ('POINTS','ROTISSERIE'),
        status enum ('DRAFTING','FINISHED','ONGOING','WAITING'),
        primary key (seq)
    )
Hibernate:
    create table ft_participants (
        draft_order integer,
        fantasy_game_seq bigint,
        player_id bigint,
        seq bigint generated by default as identity,
        preferred_team varchar(255),
        team_name varchar(255),
        primary key (seq)
    )
Hibernate:
    create table ft_players (
        cost integer,
        seq bigint generated by default as identity,
        name varchar(255),
        position varchar(255),
        stats varchar(255),
        team varchar(255),
        foreigner_type enum ('NONE','TYPE_1','TYPE_2'),
        primary key (seq)
    )
Hibernate:
    create table game (
        game_date date,
        game_time time(6),
        away_score bigint,
        club_id bigint,
        game_idx bigint not null,
        home_score bigint,
        league_id bigint,
        season bigint,
        opponent varchar(255),
        result varchar(255),
        stadium varchar(255),
        first_last enum ('F','L'),
        primary key (game_idx)
    )
Hibernate:
    create table hit (
        game_idx bigint,
        game_seq bigint,
        hit_id bigint generated by default as identity,
        hit_no bigint,
        hit_seq bigint,
        inning bigint,
        player_id bigint,
        hit_cd varchar(255),
        result varchar(255),
        primary key (hit_id)
    )
Hibernate:
    create table hitter_board (
        hits integer,
        player_appearance integer,
        rbi integer,
        runs integer,
        stolen_bases integer,
        game_idx bigint,
        hit_no bigint,
        player_id bigint,
        seq bigint generated by default as identity,
        primary key (seq)
    )
Hibernate:
    create table lig (
        bucode bigint,
        club_id bigint,
        game_rule bigint,
        jocode bigint,
        league_id bigint not null,
        lig_idx bigint,
        season bigint,
        league_info varchar(255),
        lig_name varchar(255),
        lig_name_sec varchar(255),
        primary key (league_id)
    )
Hibernate:
    create table pitch (
        balk bigint,
        base_on_ball bigint,
        batter bigint,
        club_idx bigint,
        falling_ball bigint,
        game_idx bigint,
        hit_by_ball bigint,
        hitter bigint,
        inning bigint,
        loss_score bigint,
        p_hit bigint,
        p_homerun bigint,
        pitch_cnt bigint,
        pitch_id bigint generated by default as identity,
        player_id bigint,
        sac_fly bigint,
        sacrifice bigint,
        self_loss_score bigint,
        st_out bigint,
        result varchar(255),
        primary key (pitch_id)
    )
Hibernate:
    create table pitch_board (
        game_idx bigint,
        game_seq bigint,
        hit_no bigint,
        inning bigint,
        player_id bigint,
        seq bigint generated by default as identity,
        hit_cd varchar(255),
        result varchar(255),
        primary key (seq)
    )
Hibernate:
    create table player (
        back_no bigint,
        club_id bigint,
        player_id bigint generated by default as identity,
        birth varchar(255),
        fin_edu varchar(255),
        group_code varchar(255),
        name varchar(255),
        sleep_yn varchar(255),
        primary key (player_id)
    )
Hibernate:
    alter table if exists hit
       add constraint FK1smmhuhfh679df2j6cq701vrc
       foreign key (game_idx)
       references game
Hibernate:
    alter table if exists hit
       add constraint FKbulr6c1u20311owyvd80hqq8s
       foreign key (player_id)
       references player
Hibernate:
    alter table if exists hitter_board
       add constraint FK9uindr4xy1chno61wqbs48ijt
       foreign key (game_idx)
       references game
Hibernate:
    alter table if exists hitter_board
       add constraint FKkuwh6nbbh123rcmrmybj1xj1g
       foreign key (player_id)
       references player
Hibernate:
    alter table if exists pitch
       add constraint FKog92yg97oairo4hh4dj24etyl
       foreign key (game_idx)
       references game
Hibernate:
    alter table if exists pitch
       add constraint FKko2f29lsd9lt2svvl1mrfmr7i
       foreign key (player_id)
       references player
Hibernate:
    alter table if exists pitch_board
       add constraint FK2nuux4oomyjuqkel3538n4p6h
       foreign key (game_idx)
       references game
Hibernate:
    alter table if exists pitch_board
       add constraint FKcl9mcyv6vvf27axetvb4bomtt
       foreign key (player_id)
       references player
2026-02-02T04:42:23.431Z  INFO 41207 --- [           main] j.LocalContainerEntityManagerFactoryBean : Initialized JPA EntityManagerFactory for persistence unit 'default'
2026-02-02T04:42:23.795Z  INFO 41207 --- [           main] o.s.d.j.r.query.QueryEnhancerFactory     : Hibernate is in classpath; If applicable, HQL parser will be used.
Hibernate:
    select
        fg1_0.seq,
        fg1_0.created_at,
        fg1_0.draft_date,
        fg1_0.draft_time_limit,
        fg1_0.game_duration,
        fg1_0.max_participants,
        fg1_0.next_pick_deadline,
        fg1_0.rule_type,
        fg1_0.salary_cap,
        fg1_0.scoring_settings,
        fg1_0.scoring_type,
        fg1_0.status,
        fg1_0.title,
        fg1_0.use_first_pick_rule,
        fg1_0.use_team_restriction
    from
        ft_games fg1_0
    where
        fg1_0.status=?
2026-02-02T04:42:26.255Z  INFO 41207 --- [           main] c.s.r.fantasy.service.DraftScheduler     : DraftScheduler initialized with 0 active drafting games.
2026-02-02T04:42:28.099Z  WARN 41207 --- [           main] JpaBaseConfiguration$JpaWebConfiguration : spring.jpa.open-in-view is enabled by default. Therefore, database queries may be performed during view rendering. Explicitly configure spring.jpa.open-in-view to disable this warning
2026-02-02T04:42:28.138Z  WARN 41207 --- [           main] .s.s.UserDetailsServiceAutoConfiguration :

Using generated security password: 001192bb-6fb5-48c4-bff6-858bb87973a4

This generated password is for development use only. Your security configuration must be updated before running your application in production.

2026-02-02T04:42:28.150Z  INFO 41207 --- [           main] r$InitializeUserDetailsManagerConfigurer : Global AuthenticationManager configured with UserDetailsService bean with name inMemoryUserDetailsManager
2026-02-02T04:42:28.449Z  INFO 41207 --- [           main] o.s.b.a.w.s.WelcomePageHandlerMapping    : Adding welcome page template: index
2026-02-02T04:42:29.195Z  INFO 41207 --- [           main] o.s.m.s.b.SimpleBrokerMessageHandler     : Starting...
2026-02-02T04:42:29.197Z  INFO 41207 --- [           main] o.s.m.s.b.SimpleBrokerMessageHandler     : BrokerAvailabilityEvent[available=true, SimpleBrokerMessageHandler [org.springframework.messaging.simp.broker.DefaultSubscriptionRegistry@3cd0df14]]
2026-02-02T04:42:29.199Z  INFO 41207 --- [           main] o.s.m.s.b.SimpleBrokerMessageHandler     : Started.
2026-02-02T04:42:29.233Z  INFO 41207 --- [           main] o.s.b.w.embedded.tomcat.TomcatWebServer  : Tomcat started on port 8080 (http) with context path '/'
2026-02-02T04:42:29.251Z  INFO 41207 --- [           main] com.sayai.record.RecordApplication       : Started RecordApplication in 10.848 seconds (process running for 11.244)
2026-02-02T04:43:07.043Z  INFO 41207 --- [nio-8080-exec-1] o.a.c.c.C.[Tomcat].[localhost].[/]       : Initializing Spring DispatcherServlet 'dispatcherServlet'
2026-02-02T04:43:07.044Z  INFO 41207 --- [nio-8080-exec-1] o.s.web.servlet.DispatcherServlet        : Initializing Servlet 'dispatcherServlet'
2026-02-02T04:43:07.046Z  INFO 41207 --- [nio-8080-exec-1] o.s.web.servlet.DispatcherServlet        : Completed initialization in 2 ms
2026-02-02T04:43:07.482Z  WARN 41207 --- [nio-8080-exec-1] actStandardFragmentInsertionTagProcessor : [THYMELEAF][http-nio-8080-exec-1][index] Deprecated unwrapped fragment expression "fragments/gnb :: #gnb" found in template index, line 15, col 15. Please use the complete syntax of fragment expressions instead ("~{fragments/gnb :: #gnb}"). The old, unwrapped syntax for fragment expressions will be removed in future versions of Thymeleaf.
2026-02-02T04:43:07.495Z  WARN 41207 --- [nio-8080-exec-1] actStandardFragmentInsertionTagProcessor : [THYMELEAF][http-nio-8080-exec-1][index] Deprecated unwrapped fragment expression "fragments/login-modal :: #login-modal" found in template index, line 18, col 15. Please use the complete syntax of fragment expressions instead ("~{fragments/login-modal :: #login-modal}"). The old, unwrapped syntax for fragment expressions will be removed in future versions of Thymeleaf.
Hibernate:
    select
        m1_0.player_id,
        m1_0.name,
        m1_0.password,
        m1_0.role,
        m1_0.user_id
    from
        app_users m1_0
    where
        m1_0.user_id=?
Hibernate:
    select
        m1_0.player_id,
        m1_0.name,
        m1_0.password,
        m1_0.role,
        m1_0.user_id
    from
        app_users m1_0
    where
        m1_0.user_id=?
2026-02-02T04:43:08.375Z  WARN 41207 --- [nio-8080-exec-6] actStandardFragmentInsertionTagProcessor : [THYMELEAF][http-nio-8080-exec-6][index] Deprecated unwrapped fragment expression "fragments/gnb :: #gnb" found in template index, line 15, col 15. Please use the complete syntax of fragment expressions instead ("~{fragments/gnb :: #gnb}"). The old, unwrapped syntax for fragment expressions will be removed in future versions of Thymeleaf.
2026-02-02T04:43:08.376Z  WARN 41207 --- [nio-8080-exec-6] actStandardFragmentInsertionTagProcessor : [THYMELEAF][http-nio-8080-exec-6][index] Deprecated unwrapped fragment expression "fragments/login-modal :: #login-modal" found in template index, line 18, col 15. Please use the complete syntax of fragment expressions instead ("~{fragments/login-modal :: #login-modal}"). The old, unwrapped syntax for fragment expressions will be removed in future versions of Thymeleaf.
Hibernate:
    select
        m1_0.player_id,
        m1_0.name,
        m1_0.password,
        m1_0.role,
        m1_0.user_id
    from
        app_users m1_0
    where
        m1_0.user_id=?
Hibernate:
    select
        fp1_0.seq,
        fp1_0.draft_order,
        fp1_0.fantasy_game_seq,
        fp1_0.player_id,
        fp1_0.preferred_team,
        fp1_0.team_name
    from
        ft_participants fp1_0
2026-02-02T04:43:09.685Z  WARN 41207 --- [nio-8080-exec-9] actStandardFragmentInsertionTagProcessor : [THYMELEAF][http-nio-8080-exec-9][layout/default] Deprecated unwrapped fragment expression "fragments/gnb :: #gnb" found in template layout/default, line 18, col 15. Please use the complete syntax of fragment expressions instead ("~{fragments/gnb :: #gnb}"). The old, unwrapped syntax for fragment expressions will be removed in future versions of Thymeleaf.
2026-02-02T04:43:09.702Z  WARN 41207 --- [nio-8080-exec-9] actStandardFragmentInsertionTagProcessor : [THYMELEAF][http-nio-8080-exec-9][layout/default] Deprecated unwrapped fragment expression "fragments/fantasy-nav :: nav(active='admin')" found in template fantasy/admin, line 17, col 14. Please use the complete syntax of fragment expressions instead ("~{fragments/fantasy-nav :: nav(active='admin')}"). The old, unwrapped syntax for fragment expressions will be removed in future versions of Thymeleaf.
2026-02-02T04:43:09.803Z  WARN 41207 --- [nio-8080-exec-9] actStandardFragmentInsertionTagProcessor : [THYMELEAF][http-nio-8080-exec-9][layout/default] Deprecated unwrapped fragment expression "fragments/login-modal :: #login-modal" found in template layout/default, line 26, col 15. Please use the complete syntax of fragment expressions instead ("~{fragments/login-modal :: #login-modal}"). The old, unwrapped syntax for fragment expressions will be removed in future versions of Thymeleaf.
Hibernate:
    select
        m1_0.player_id,
        m1_0.name,
        m1_0.password,
        m1_0.role,
        m1_0.user_id
    from
        app_users m1_0
    where
        m1_0.user_id=?
Hibernate:
    select
        fg1_0.seq,
        fg1_0.created_at,
        fg1_0.draft_date,
        fg1_0.draft_time_limit,
        fg1_0.game_duration,
        fg1_0.max_participants,
        fg1_0.next_pick_deadline,
        fg1_0.rule_type,
        fg1_0.salary_cap,
        fg1_0.scoring_settings,
        fg1_0.scoring_type,
        fg1_0.status,
        fg1_0.title,
        fg1_0.use_first_pick_rule,
        fg1_0.use_team_restriction
    from
        ft_games fg1_0
Hibernate:
    select
        fp1_0.seq,
        fp1_0.draft_order,
        fp1_0.fantasy_game_seq,
        fp1_0.player_id,
        fp1_0.preferred_team,
        fp1_0.team_name
    from
        ft_participants fp1_0
Hibernate:
    insert
    into
        ft_games
        (created_at, draft_date, draft_time_limit, game_duration, max_participants, next_pick_deadline, rule_type, salary_cap, scoring_settings, scoring_type, status, title, use_first_pick_rule, use_team_restriction, seq)
    values
        (?, ?, ?, ?, ?, ?, ?, ?, ?, ?, ?, ?, ?, ?, default)
Hibernate:
    select
        m1_0.player_id,
        m1_0.name,
        m1_0.password,
        m1_0.role,
        m1_0.user_id
    from
        app_users m1_0
    where
        m1_0.user_id=?
Hibernate:
    select
        fg1_0.seq,
        fg1_0.created_at,
        fg1_0.draft_date,
        fg1_0.draft_time_limit,
        fg1_0.game_duration,
        fg1_0.max_participants,
        fg1_0.next_pick_deadline,
        fg1_0.rule_type,
        fg1_0.salary_cap,
        fg1_0.scoring_settings,
        fg1_0.scoring_type,
        fg1_0.status,
        fg1_0.title,
        fg1_0.use_first_pick_rule,
        fg1_0.use_team_restriction
    from
        ft_games fg1_0
Hibernate:
    select
        fp1_0.seq,
        fp1_0.draft_order,
        fp1_0.fantasy_game_seq,
        fp1_0.player_id,
        fp1_0.preferred_team,
        fp1_0.team_name
    from
        ft_participants fp1_0
Hibernate:
    select
        m1_0.player_id,
        m1_0.name,
        m1_0.password,
        m1_0.role,
        m1_0.user_id
    from
        app_users m1_0
    where
        m1_0.user_id=?
Hibernate:
    select
        fp1_0.seq,
        fp1_0.draft_order,
        fp1_0.fantasy_game_seq,
        fp1_0.player_id,
        fp1_0.preferred_team,
        fp1_0.team_name
    from
        ft_participants fp1_0
2026-02-02T04:43:11.206Z  WARN 41207 --- [nio-8080-exec-8] actStandardFragmentInsertionTagProcessor : [THYMELEAF][http-nio-8080-exec-8][layout/default] Deprecated unwrapped fragment expression "fragments/gnb :: #gnb" found in template layout/default, line 18, col 15. Please use the complete syntax of fragment expressions instead ("~{fragments/gnb :: #gnb}"). The old, unwrapped syntax for fragment expressions will be removed in future versions of Thymeleaf.
2026-02-02T04:43:11.209Z  WARN 41207 --- [nio-8080-exec-8] actStandardFragmentInsertionTagProcessor : [THYMELEAF][http-nio-8080-exec-8][layout/default] Deprecated unwrapped fragment expression "fragments/fantasy-nav :: nav(active='main')" found in template fantasy/index, line 16, col 14. Please use the complete syntax of fragment expressions instead ("~{fragments/fantasy-nav :: nav(active='main')}"). The old, unwrapped syntax for fragment expressions will be removed in future versions of Thymeleaf.
2026-02-02T04:43:11.219Z  WARN 41207 --- [nio-8080-exec-8] actStandardFragmentInsertionTagProcessor : [THYMELEAF][http-nio-8080-exec-8][layout/default] Deprecated unwrapped fragment expression "fragments/login-modal :: #login-modal" found in template layout/default, line 26, col 15. Please use the complete syntax of fragment expressions instead ("~{fragments/login-modal :: #login-modal}"). The old, unwrapped syntax for fragment expressions will be removed in future versions of Thymeleaf.
Hibernate:
    select
        m1_0.player_id,
        m1_0.name,
        m1_0.password,
        m1_0.role,
        m1_0.user_id
    from
        app_users m1_0
    where
        m1_0.user_id=?
Hibernate:
    select
        fg1_0.seq,
        fg1_0.created_at,
        fg1_0.draft_date,
        fg1_0.draft_time_limit,
        fg1_0.game_duration,
        fg1_0.max_participants,
        fg1_0.next_pick_deadline,
        fg1_0.rule_type,
        fg1_0.salary_cap,
        fg1_0.scoring_settings,
        fg1_0.scoring_type,
        fg1_0.status,
        fg1_0.title,
        fg1_0.use_first_pick_rule,
        fg1_0.use_team_restriction
    from
        ft_games fg1_0
Hibernate:
    select
        fp1_0.seq,
        fp1_0.draft_order,
        fp1_0.fantasy_game_seq,
        fp1_0.player_id,
        fp1_0.preferred_team,
        fp1_0.team_name
    from
        ft_participants fp1_0
Hibernate:
    select
        m1_0.player_id,
        m1_0.name,
        m1_0.password,
        m1_0.role,
        m1_0.user_id
    from
        app_users m1_0
    where
        m1_0.user_id=?
Hibernate:
    select
        fg1_0.seq,
        fg1_0.created_at,
        fg1_0.draft_date,
        fg1_0.draft_time_limit,
        fg1_0.game_duration,
        fg1_0.max_participants,
        fg1_0.next_pick_deadline,
        fg1_0.rule_type,
        fg1_0.salary_cap,
        fg1_0.scoring_settings,
        fg1_0.scoring_type,
        fg1_0.status,
        fg1_0.title,
        fg1_0.use_first_pick_rule,
        fg1_0.use_team_restriction
    from
        ft_games fg1_0
    where
        fg1_0.seq=?
Hibernate:
    select
        fp1_0.seq,
        fp1_0.draft_order,
        fp1_0.fantasy_game_seq,
        fp1_0.player_id,
        fp1_0.preferred_team,
        fp1_0.team_name
    from
        ft_participants fp1_0
    where
        fp1_0.fantasy_game_seq=?
        and fp1_0.player_id=?
Hibernate:
    insert
    into
        ft_participants
        (draft_order, fantasy_game_seq, player_id, preferred_team, team_name, seq)
    values
        (?, ?, ?, ?, ?, default)
Hibernate:
    select
        m1_0.player_id,
        m1_0.name,
        m1_0.password,
        m1_0.role,
        m1_0.user_id
    from
        app_users m1_0
    where
        m1_0.user_id=?
Hibernate:
    select
        fg1_0.seq,
        fg1_0.created_at,
        fg1_0.draft_date,
        fg1_0.draft_time_limit,
        fg1_0.game_duration,
        fg1_0.max_participants,
        fg1_0.next_pick_deadline,
        fg1_0.rule_type,
        fg1_0.salary_cap,
        fg1_0.scoring_settings,
        fg1_0.scoring_type,
        fg1_0.status,
        fg1_0.title,
        fg1_0.use_first_pick_rule,
        fg1_0.use_team_restriction
    from
        ft_games fg1_0
Hibernate:
    select
        fp1_0.seq,
        fp1_0.draft_order,
        fp1_0.fantasy_game_seq,
        fp1_0.player_id,
        fp1_0.preferred_team,
        fp1_0.team_name
    from
        ft_participants fp1_0
Hibernate:
    select
        m1_0.player_id,
        m1_0.name,
        m1_0.password,
        m1_0.role,
        m1_0.user_id
    from
        app_users m1_0
    where
        m1_0.user_id=?
Hibernate:
    select
        fp1_0.seq,
        fp1_0.draft_order,
        fp1_0.fantasy_game_seq,
        fp1_0.player_id,
        fp1_0.preferred_team,
        fp1_0.team_name
    from
        ft_participants fp1_0
Hibernate:
    select
        fg1_0.seq,
        fg1_0.created_at,
        fg1_0.draft_date,
        fg1_0.draft_time_limit,
        fg1_0.game_duration,
        fg1_0.max_participants,
        fg1_0.next_pick_deadline,
        fg1_0.rule_type,
        fg1_0.salary_cap,
        fg1_0.scoring_settings,
        fg1_0.scoring_type,
        fg1_0.status,
        fg1_0.title,
        fg1_0.use_first_pick_rule,
        fg1_0.use_team_restriction
    from
        ft_games fg1_0
    where
        fg1_0.seq in (?)
2026-02-02T04:43:12.605Z  WARN 41207 --- [nio-8080-exec-2] actStandardFragmentInsertionTagProcessor : [THYMELEAF][http-nio-8080-exec-2][layout/default] Deprecated unwrapped fragment expression "fragments/gnb :: #gnb" found in template layout/default, line 18, col 15. Please use the complete syntax of fragment expressions instead ("~{fragments/gnb :: #gnb}"). The old, unwrapped syntax for fragment expressions will be removed in future versions of Thymeleaf.
2026-02-02T04:43:12.607Z  WARN 41207 --- [nio-8080-exec-2] actStandardFragmentInsertionTagProcessor : [THYMELEAF][http-nio-8080-exec-2][layout/default] Deprecated unwrapped fragment expression "fragments/fantasy-nav :: nav(active='admin')" found in template fantasy/admin, line 17, col 14. Please use the complete syntax of fragment expressions instead ("~{fragments/fantasy-nav :: nav(active='admin')}"). The old, unwrapped syntax for fragment expressions will be removed in future versions of Thymeleaf.
2026-02-02T04:43:12.611Z  WARN 41207 --- [nio-8080-exec-2] actStandardFragmentInsertionTagProcessor : [THYMELEAF][http-nio-8080-exec-2][layout/default] Deprecated unwrapped fragment expression "fragments/login-modal :: #login-modal" found in template layout/default, line 26, col 15. Please use the complete syntax of fragment expressions instead ("~{fragments/login-modal :: #login-modal}"). The old, unwrapped syntax for fragment expressions will be removed in future versions of Thymeleaf.
Hibernate:
    select
        m1_0.player_id,
        m1_0.name,
        m1_0.password,
        m1_0.role,
        m1_0.user_id
    from
        app_users m1_0
    where
        m1_0.user_id=?
Hibernate:
    select
        fg1_0.seq,
        fg1_0.created_at,
        fg1_0.draft_date,
        fg1_0.draft_time_limit,
        fg1_0.game_duration,
        fg1_0.max_participants,
        fg1_0.next_pick_deadline,
        fg1_0.rule_type,
        fg1_0.salary_cap,
        fg1_0.scoring_settings,
        fg1_0.scoring_type,
        fg1_0.status,
        fg1_0.title,
        fg1_0.use_first_pick_rule,
        fg1_0.use_team_restriction
    from
        ft_games fg1_0
Hibernate:
    select
        fp1_0.seq,
        fp1_0.draft_order,
        fp1_0.fantasy_game_seq,
        fp1_0.player_id,
        fp1_0.preferred_team,
        fp1_0.team_name
    from
        ft_participants fp1_0
Hibernate:
    select
        fg1_0.seq,
        fg1_0.created_at,
        fg1_0.draft_date,
        fg1_0.draft_time_limit,
        fg1_0.game_duration,
        fg1_0.max_participants,
        fg1_0.next_pick_deadline,
        fg1_0.rule_type,
        fg1_0.salary_cap,
        fg1_0.scoring_settings,
        fg1_0.scoring_type,
        fg1_0.status,
        fg1_0.title,
        fg1_0.use_first_pick_rule,
        fg1_0.use_team_restriction
    from
        ft_games fg1_0
    where
        fg1_0.seq=?
Hibernate:
    select
        fp1_0.seq,
        fp1_0.draft_order,
        fp1_0.fantasy_game_seq,
        fp1_0.player_id,
        fp1_0.preferred_team,
        fp1_0.team_name
    from
        ft_participants fp1_0
    where
        fp1_0.fantasy_game_seq=?
Hibernate:
    update
        ft_games
    set
        created_at=?,
        draft_date=?,
        draft_time_limit=?,
        game_duration=?,
        max_participants=?,
        next_pick_deadline=?,
        rule_type=?,
        salary_cap=?,
        scoring_settings=?,
        scoring_type=?,
        status=?,
        title=?,
        use_first_pick_rule=?,
        use_team_restriction=?
    where
        seq=?
Hibernate:
    update
        ft_participants
    set
        draft_order=?,
        fantasy_game_seq=?,
        player_id=?,
        preferred_team=?,
        team_name=?
    where
        seq=?
Hibernate:
    select
        m1_0.player_id,
        m1_0.name,
        m1_0.password,
        m1_0.role,
        m1_0.user_id
    from
        app_users m1_0
    where
        m1_0.user_id=?
Hibernate:
    select
        fg1_0.seq,
        fg1_0.created_at,
        fg1_0.draft_date,
        fg1_0.draft_time_limit,
        fg1_0.game_duration,
        fg1_0.max_participants,
        fg1_0.next_pick_deadline,
        fg1_0.rule_type,
        fg1_0.salary_cap,
        fg1_0.scoring_settings,
        fg1_0.scoring_type,
        fg1_0.status,
        fg1_0.title,
        fg1_0.use_first_pick_rule,
        fg1_0.use_team_restriction
    from
        ft_games fg1_0
Hibernate:
    select
        fp1_0.seq,
        fp1_0.draft_order,
        fp1_0.fantasy_game_seq,
        fp1_0.player_id,
        fp1_0.preferred_team,
        fp1_0.team_name
    from
        ft_participants fp1_0
Hibernate:
    select
        m1_0.player_id,
        m1_0.name,
        m1_0.password,
        m1_0.role,
        m1_0.user_id
    from
        app_users m1_0
    where
        m1_0.user_id=?
Hibernate:
    select
        fp1_0.seq,
        fp1_0.draft_order,
        fp1_0.fantasy_game_seq,
        fp1_0.player_id,
        fp1_0.preferred_team,
        fp1_0.team_name
    from
        ft_participants fp1_0
Hibernate:
    select
        fg1_0.seq,
        fg1_0.created_at,
        fg1_0.draft_date,
        fg1_0.draft_time_limit,
        fg1_0.game_duration,
        fg1_0.max_participants,
        fg1_0.next_pick_deadline,
        fg1_0.rule_type,
        fg1_0.salary_cap,
        fg1_0.scoring_settings,
        fg1_0.scoring_type,
        fg1_0.status,
        fg1_0.title,
        fg1_0.use_first_pick_rule,
        fg1_0.use_team_restriction
    from
        ft_games fg1_0
    where
        fg1_0.seq in (?)
2026-02-02T04:43:14.807Z  WARN 41207 --- [nio-8080-exec-1] actStandardFragmentInsertionTagProcessor : [THYMELEAF][http-nio-8080-exec-1][layout/default] Deprecated unwrapped fragment expression "fragments/gnb :: #gnb" found in template layout/default, line 18, col 15. Please use the complete syntax of fragment expressions instead ("~{fragments/gnb :: #gnb}"). The old, unwrapped syntax for fragment expressions will be removed in future versions of Thymeleaf.
2026-02-02T04:43:14.809Z  WARN 41207 --- [nio-8080-exec-1] actStandardFragmentInsertionTagProcessor : [THYMELEAF][http-nio-8080-exec-1][layout/default] Deprecated unwrapped fragment expression "fragments/fantasy-nav :: nav(active='main')" found in template fantasy/index, line 16, col 14. Please use the complete syntax of fragment expressions instead ("~{fragments/fantasy-nav :: nav(active='main')}"). The old, unwrapped syntax for fragment expressions will be removed in future versions of Thymeleaf.
2026-02-02T04:43:14.820Z  WARN 41207 --- [nio-8080-exec-1] actStandardFragmentInsertionTagProcessor : [THYMELEAF][http-nio-8080-exec-1][layout/default] Deprecated unwrapped fragment expression "fragments/login-modal :: #login-modal" found in template layout/default, line 26, col 15. Please use the complete syntax of fragment expressions instead ("~{fragments/login-modal :: #login-modal}"). The old, unwrapped syntax for fragment expressions will be removed in future versions of Thymeleaf.
Hibernate:
    select
        m1_0.player_id,
        m1_0.name,
        m1_0.password,
        m1_0.role,
        m1_0.user_id
    from
        app_users m1_0
    where
        m1_0.user_id=?
Hibernate:
    select
        fg1_0.seq,
        fg1_0.created_at,
        fg1_0.draft_date,
        fg1_0.draft_time_limit,
        fg1_0.game_duration,
        fg1_0.max_participants,
        fg1_0.next_pick_deadline,
        fg1_0.rule_type,
        fg1_0.salary_cap,
        fg1_0.scoring_settings,
        fg1_0.scoring_type,
        fg1_0.status,
        fg1_0.title,
        fg1_0.use_first_pick_rule,
        fg1_0.use_team_restriction
    from
        ft_games fg1_0
Hibernate:
    select
        fp1_0.seq,
        fp1_0.draft_order,
        fp1_0.fantasy_game_seq,
        fp1_0.player_id,
        fp1_0.preferred_team,
        fp1_0.team_name
    from
        ft_participants fp1_0
Hibernate:
    select
        m1_0.player_id,
        m1_0.name,
        m1_0.password,
        m1_0.role,
        m1_0.user_id
    from
        app_users m1_0
    where
        m1_0.user_id=?
Hibernate:
    select
        fp1_0.seq,
        fp1_0.draft_order,
        fp1_0.fantasy_game_seq,
        fp1_0.player_id,
        fp1_0.preferred_team,
        fp1_0.team_name
    from
        ft_participants fp1_0
Hibernate:
    select
        fg1_0.seq,
        fg1_0.created_at,
        fg1_0.draft_date,
        fg1_0.draft_time_limit,
        fg1_0.game_duration,
        fg1_0.max_participants,
        fg1_0.next_pick_deadline,
        fg1_0.rule_type,
        fg1_0.salary_cap,
        fg1_0.scoring_settings,
        fg1_0.scoring_type,
        fg1_0.status,
        fg1_0.title,
        fg1_0.use_first_pick_rule,
        fg1_0.use_team_restriction
    from
        ft_games fg1_0
    where
        fg1_0.seq in (?)
2026-02-02T04:43:14.950Z  WARN 41207 --- [nio-8080-exec-5] actStandardFragmentInsertionTagProcessor : [THYMELEAF][http-nio-8080-exec-5][layout/default] Deprecated unwrapped fragment expression "fragments/gnb :: #gnb" found in template layout/default, line 18, col 15. Please use the complete syntax of fragment expressions instead ("~{fragments/gnb :: #gnb}"). The old, unwrapped syntax for fragment expressions will be removed in future versions of Thymeleaf.
2026-02-02T04:43:14.952Z  WARN 41207 --- [nio-8080-exec-5] actStandardFragmentInsertionTagProcessor : [THYMELEAF][http-nio-8080-exec-5][layout/default] Deprecated unwrapped fragment expression "fragments/fantasy-nav :: nav(active='main')" found in template fantasy/index, line 16, col 14. Please use the complete syntax of fragment expressions instead ("~{fragments/fantasy-nav :: nav(active='main')}"). The old, unwrapped syntax for fragment expressions will be removed in future versions of Thymeleaf.
2026-02-02T04:43:14.957Z  WARN 41207 --- [nio-8080-exec-5] actStandardFragmentInsertionTagProcessor : [THYMELEAF][http-nio-8080-exec-5][layout/default] Deprecated unwrapped fragment expression "fragments/login-modal :: #login-modal" found in template layout/default, line 26, col 15. Please use the complete syntax of fragment expressions instead ("~{fragments/login-modal :: #login-modal}"). The old, unwrapped syntax for fragment expressions will be removed in future versions of Thymeleaf.
Hibernate:
    select
        m1_0.player_id,
        m1_0.name,
        m1_0.password,
        m1_0.role,
        m1_0.user_id
    from
        app_users m1_0
    where
        m1_0.user_id=?
Hibernate:
    select
        fg1_0.seq,
        fg1_0.created_at,
        fg1_0.draft_date,
        fg1_0.draft_time_limit,
        fg1_0.game_duration,
        fg1_0.max_participants,
        fg1_0.next_pick_deadline,
        fg1_0.rule_type,
        fg1_0.salary_cap,
        fg1_0.scoring_settings,
        fg1_0.scoring_type,
        fg1_0.status,
        fg1_0.title,
        fg1_0.use_first_pick_rule,
        fg1_0.use_team_restriction
    from
        ft_games fg1_0
Hibernate:
    select
        fp1_0.seq,
        fp1_0.draft_order,
        fp1_0.fantasy_game_seq,
        fp1_0.player_id,
        fp1_0.preferred_team,
        fp1_0.team_name
    from
        ft_participants fp1_0
Hibernate:
    select
        m1_0.player_id,
        m1_0.name,
        m1_0.password,
        m1_0.role,
        m1_0.user_id
    from
        app_users m1_0
    where
        m1_0.user_id=?
Hibernate:
    select
        fp1_0.seq,
        fp1_0.draft_order,
        fp1_0.fantasy_game_seq,
        fp1_0.player_id,
        fp1_0.preferred_team,
        fp1_0.team_name
    from
        ft_participants fp1_0
Hibernate:
    select
        fg1_0.seq,
        fg1_0.created_at,
        fg1_0.draft_date,
        fg1_0.draft_time_limit,
        fg1_0.game_duration,
        fg1_0.max_participants,
        fg1_0.next_pick_deadline,
        fg1_0.rule_type,
        fg1_0.salary_cap,
        fg1_0.scoring_settings,
        fg1_0.scoring_type,
        fg1_0.status,
        fg1_0.title,
        fg1_0.use_first_pick_rule,
        fg1_0.use_team_restriction
    from
        ft_games fg1_0
    where
        fg1_0.seq in (?)
2026-02-02T04:43:15.152Z  WARN 41207 --- [nio-8080-exec-1] actStandardFragmentInsertionTagProcessor : [THYMELEAF][http-nio-8080-exec-1][layout/default] Deprecated unwrapped fragment expression "fragments/gnb :: #gnb" found in template layout/default, line 18, col 15. Please use the complete syntax of fragment expressions instead ("~{fragments/gnb :: #gnb}"). The old, unwrapped syntax for fragment expressions will be removed in future versions of Thymeleaf.
2026-02-02T04:43:15.155Z  WARN 41207 --- [nio-8080-exec-1] actStandardFragmentInsertionTagProcessor : [THYMELEAF][http-nio-8080-exec-1][layout/default] Deprecated unwrapped fragment expression "fragments/fantasy-nav :: nav(active='draft')" found in template fantasy/draft, line 55, col 14. Please use the complete syntax of fragment expressions instead ("~{fragments/fantasy-nav :: nav(active='draft')}"). The old, unwrapped syntax for fragment expressions will be removed in future versions of Thymeleaf.
2026-02-02T04:43:15.161Z  WARN 41207 --- [nio-8080-exec-1] actStandardFragmentInsertionTagProcessor : [THYMELEAF][http-nio-8080-exec-1][layout/default] Deprecated unwrapped fragment expression "fragments/login-modal :: #login-modal" found in template layout/default, line 26, col 15. Please use the complete syntax of fragment expressions instead ("~{fragments/login-modal :: #login-modal}"). The old, unwrapped syntax for fragment expressions will be removed in future versions of Thymeleaf.
Hibernate:
    select
        fg1_0.seq,
        fg1_0.created_at,
        fg1_0.draft_date,
        fg1_0.draft_time_limit,
        fg1_0.game_duration,
        fg1_0.max_participants,
        fg1_0.next_pick_deadline,
        fg1_0.rule_type,
        fg1_0.salary_cap,
        fg1_0.scoring_settings,
        fg1_0.scoring_type,
        fg1_0.status,
        fg1_0.title,
        fg1_0.use_first_pick_rule,
        fg1_0.use_team_restriction
    from
        ft_games fg1_0
    where
        fg1_0.seq=?
Hibernate:
    select
        fp1_0.seq,
        fp1_0.draft_order,
        fp1_0.fantasy_game_seq,
        fp1_0.player_id,
        fp1_0.preferred_team,
        fp1_0.team_name
    from
        ft_participants fp1_0
    where
        fp1_0.fantasy_game_seq=?
Hibernate:
    select
        dp1_0.seq,
        dp1_0.fantasy_game_seq,
        dp1_0.fantasy_player_seq,
        dp1_0.pick_number,
        dp1_0.picked_at,
        dp1_0.player_id
    from
        ft_draft_picks dp1_0
    where
        dp1_0.fantasy_game_seq=?
Hibernate:
    select
        count(dp1_0.seq)
    from
        ft_draft_picks dp1_0
    where
        dp1_0.fantasy_game_seq=?
Hibernate:
    select
        fp1_0.seq,
        fp1_0.draft_order,
        fp1_0.fantasy_game_seq,
        fp1_0.player_id,
        fp1_0.preferred_team,
        fp1_0.team_name
    from
        ft_participants fp1_0
    where
        fp1_0.fantasy_game_seq=?
Hibernate:
    select
        dp1_0.seq,
        dp1_0.fantasy_game_seq,
        dp1_0.fantasy_player_seq,
        dp1_0.pick_number,
        dp1_0.picked_at,
        dp1_0.player_id
    from
        ft_draft_picks dp1_0
    where
        dp1_0.fantasy_game_seq=?
Hibernate:
    select
        dp1_0.seq,
        dp1_0.fantasy_game_seq,
        dp1_0.fantasy_player_seq,
        dp1_0.pick_number,
        dp1_0.picked_at,
        dp1_0.player_id
    from
        ft_draft_picks dp1_0
    where
        dp1_0.fantasy_game_seq=?
        and dp1_0.player_id=?
Hibernate:
    select
        fp1_0.seq,
        fp1_0.cost,
        fp1_0.foreigner_type,
        fp1_0.name,
        fp1_0.position,
        fp1_0.stats,
        fp1_0.team
    from
        ft_players fp1_0
    where
        (
            ? is null
            or fp1_0.team=?
        )
        and (
            ? is null
            or (
                ?='C'
                and fp1_0.position='C'
            )
            or (
                ?<>'C'
                and fp1_0.position like ('%'||?||'%') escape ''
            )
        )
        and (
            ? is null
            or fp1_0.name like ('%'||?||'%') escape ''
        )
Hibernate:
    select
        dp1_0.seq,
        dp1_0.fantasy_game_seq,
        dp1_0.fantasy_player_seq,
        dp1_0.pick_number,
        dp1_0.picked_at,
        dp1_0.player_id
    from
        ft_draft_picks dp1_0
    where
        dp1_0.fantasy_game_seq=?
Hibernate:
    select
        fp1_0.seq,
        fp1_0.cost,
        fp1_0.foreigner_type,
        fp1_0.name,
        fp1_0.position,
        fp1_0.stats,
        fp1_0.team
    from
        ft_players fp1_0
    where
        (
            ? is null
            or fp1_0.team=?
        )
        and (
            ? is null
            or (
                ?='C'
                and fp1_0.position='C'
            )
            or (
                ?<>'C'
                and fp1_0.position like ('%'||?||'%') escape ''
            )
        )
        and (
            ? is null
            or fp1_0.name like ('%'||?||'%') escape ''
        )
Hibernate:
    select
        fg1_0.seq,
        fg1_0.created_at,
        fg1_0.draft_date,
        fg1_0.draft_time_limit,
        fg1_0.game_duration,
        fg1_0.max_participants,
        fg1_0.next_pick_deadline,
        fg1_0.rule_type,
        fg1_0.salary_cap,
        fg1_0.scoring_settings,
        fg1_0.scoring_type,
        fg1_0.status,
        fg1_0.title,
        fg1_0.use_first_pick_rule,
        fg1_0.use_team_restriction
    from
        ft_games fg1_0
    where
        fg1_0.status=?
        and fg1_0.draft_time_limit>0
        and fg1_0.next_pick_deadline<?
2026-02-02T04:43:29.189Z  INFO 41207 --- [MessageBroker-2] o.s.w.s.c.WebSocketMessageBrokerStats    : WebSocketSession[0 current WS(0)-HttpStream(0)-HttpPoll(0), 1 total, 0 closed abnormally (0 connect failure, 0 send limit, 0 transport error)], stompSubProtocol[processed CONNECT(1)-CONNECTED(1)-DISCONNECT(0)], stompBrokerRelay[null], inboundChannel[pool size = 6, active threads = 0, queued tasks = 0, completed tasks = 6], outboundChannel[pool size = 2, active threads = 0, queued tasks = 0, completed tasks = 2], sockJsScheduler[pool size = 4, active threads = 1, queued tasks = 2, completed tasks = 9]
Hibernate:
    select
        fg1_0.seq,
        fg1_0.created_at,
        fg1_0.draft_date,
        fg1_0.draft_time_limit,
        fg1_0.game_duration,
        fg1_0.max_participants,
        fg1_0.next_pick_deadline,
        fg1_0.rule_type,
        fg1_0.salary_cap,
        fg1_0.scoring_settings,
        fg1_0.scoring_type,
        fg1_0.status,
        fg1_0.title,
        fg1_0.use_first_pick_rule,
        fg1_0.use_team_restriction
    from
        ft_games fg1_0
    where
        fg1_0.status=?
        and fg1_0.draft_time_limit>0
        and fg1_0.next_pick_deadline<?
Hibernate:
    select
        fg1_0.seq,
        fg1_0.created_at,
        fg1_0.draft_date,
        fg1_0.draft_time_limit,
        fg1_0.game_duration,
        fg1_0.max_participants,
        fg1_0.next_pick_deadline,
        fg1_0.rule_type,
        fg1_0.salary_cap,
        fg1_0.scoring_settings,
        fg1_0.scoring_type,
        fg1_0.status,
        fg1_0.title,
        fg1_0.use_first_pick_rule,
        fg1_0.use_team_restriction
    from
        ft_games fg1_0
    where
        fg1_0.status=?
        and fg1_0.draft_time_limit>0
        and fg1_0.next_pick_deadline<?
Hibernate:
    select
        fg1_0.seq,
        fg1_0.created_at,
        fg1_0.draft_date,
        fg1_0.draft_time_limit,
        fg1_0.game_duration,
        fg1_0.max_participants,
        fg1_0.next_pick_deadline,
        fg1_0.rule_type,
        fg1_0.salary_cap,
        fg1_0.scoring_settings,
        fg1_0.scoring_type,
        fg1_0.status,
        fg1_0.title,
        fg1_0.use_first_pick_rule,
        fg1_0.use_team_restriction
    from
        ft_games fg1_0
    where
        fg1_0.status=?
        and fg1_0.draft_time_limit>0
        and fg1_0.next_pick_deadline<?
Hibernate:
    select
        fg1_0.seq,
        fg1_0.created_at,
        fg1_0.draft_date,
        fg1_0.draft_time_limit,
        fg1_0.game_duration,
        fg1_0.max_participants,
        fg1_0.next_pick_deadline,
        fg1_0.rule_type,
        fg1_0.salary_cap,
        fg1_0.scoring_settings,
        fg1_0.scoring_type,
        fg1_0.status,
        fg1_0.title,
        fg1_0.use_first_pick_rule,
        fg1_0.use_team_restriction
    from
        ft_games fg1_0
    where
        fg1_0.status=?
        and fg1_0.draft_time_limit>0
        and fg1_0.next_pick_deadline<?
Hibernate:
    select
        fg1_0.seq,
        fg1_0.created_at,
        fg1_0.draft_date,
        fg1_0.draft_time_limit,
        fg1_0.game_duration,
        fg1_0.max_participants,
        fg1_0.next_pick_deadline,
        fg1_0.rule_type,
        fg1_0.salary_cap,
        fg1_0.scoring_settings,
        fg1_0.scoring_type,
        fg1_0.status,
        fg1_0.title,
        fg1_0.use_first_pick_rule,
        fg1_0.use_team_restriction
    from
        ft_games fg1_0
    where
        fg1_0.status=?
        and fg1_0.draft_time_limit>0
        and fg1_0.next_pick_deadline<?
Hibernate:
    select
        fg1_0.seq,
        fg1_0.created_at,
        fg1_0.draft_date,
        fg1_0.draft_time_limit,
        fg1_0.game_duration,
        fg1_0.max_participants,
        fg1_0.next_pick_deadline,
        fg1_0.rule_type,
        fg1_0.salary_cap,
        fg1_0.scoring_settings,
        fg1_0.scoring_type,
        fg1_0.status,
        fg1_0.title,
        fg1_0.use_first_pick_rule,
        fg1_0.use_team_restriction
    from
        ft_games fg1_0
    where
        fg1_0.status=?
        and fg1_0.draft_time_limit>0
        and fg1_0.next_pick_deadline<?
Hibernate:
    select
        fg1_0.seq,
        fg1_0.created_at,
        fg1_0.draft_date,
        fg1_0.draft_time_limit,
        fg1_0.game_duration,
        fg1_0.max_participants,
        fg1_0.next_pick_deadline,
        fg1_0.rule_type,
        fg1_0.salary_cap,
        fg1_0.scoring_settings,
        fg1_0.scoring_type,
        fg1_0.status,
        fg1_0.title,
        fg1_0.use_first_pick_rule,
        fg1_0.use_team_restriction
    from
        ft_games fg1_0
    where
        fg1_0.status=?
        and fg1_0.draft_time_limit>0
        and fg1_0.next_pick_deadline<?
Hibernate:
    select
        fg1_0.seq,
        fg1_0.created_at,
        fg1_0.draft_date,
        fg1_0.draft_time_limit,
        fg1_0.game_duration,
        fg1_0.max_participants,
        fg1_0.next_pick_deadline,
        fg1_0.rule_type,
        fg1_0.salary_cap,
        fg1_0.scoring_settings,
        fg1_0.scoring_type,
        fg1_0.status,
        fg1_0.title,
        fg1_0.use_first_pick_rule,
        fg1_0.use_team_restriction
    from
        ft_games fg1_0
    where
        fg1_0.status=?
        and fg1_0.draft_time_limit>0
        and fg1_0.next_pick_deadline<?
Hibernate:
    select
        fg1_0.seq,
        fg1_0.created_at,
        fg1_0.draft_date,
        fg1_0.draft_time_limit,
        fg1_0.game_duration,
        fg1_0.max_participants,
        fg1_0.next_pick_deadline,
        fg1_0.rule_type,
        fg1_0.salary_cap,
        fg1_0.scoring_settings,
        fg1_0.scoring_type,
        fg1_0.status,
        fg1_0.title,
        fg1_0.use_first_pick_rule,
        fg1_0.use_team_restriction
    from
        ft_games fg1_0
    where
        fg1_0.status=?
        and fg1_0.draft_time_limit>0
        and fg1_0.next_pick_deadline<?
Hibernate:
    select
        fg1_0.seq,
        fg1_0.created_at,
        fg1_0.draft_date,
        fg1_0.draft_time_limit,
        fg1_0.game_duration,
        fg1_0.max_participants,
        fg1_0.next_pick_deadline,
        fg1_0.rule_type,
        fg1_0.salary_cap,
        fg1_0.scoring_settings,
        fg1_0.scoring_type,
        fg1_0.status,
        fg1_0.title,
        fg1_0.use_first_pick_rule,
        fg1_0.use_team_restriction
    from
        ft_games fg1_0
    where
        fg1_0.status=?
        and fg1_0.draft_time_limit>0
        and fg1_0.next_pick_deadline<?
Hibernate:
    select
        fg1_0.seq,
        fg1_0.created_at,
        fg1_0.draft_date,
        fg1_0.draft_time_limit,
        fg1_0.game_duration,
        fg1_0.max_participants,
        fg1_0.next_pick_deadline,
        fg1_0.rule_type,
        fg1_0.salary_cap,
        fg1_0.scoring_settings,
        fg1_0.scoring_type,
        fg1_0.status,
        fg1_0.title,
        fg1_0.use_first_pick_rule,
        fg1_0.use_team_restriction
    from
        ft_games fg1_0
    where
        fg1_0.status=?
        and fg1_0.draft_time_limit>0
        and fg1_0.next_pick_deadline<?
Hibernate:
    select
        fg1_0.seq,
        fg1_0.created_at,
        fg1_0.draft_date,
        fg1_0.draft_time_limit,
        fg1_0.game_duration,
        fg1_0.max_participants,
        fg1_0.next_pick_deadline,
        fg1_0.rule_type,
        fg1_0.salary_cap,
        fg1_0.scoring_settings,
        fg1_0.scoring_type,
        fg1_0.status,
        fg1_0.title,
        fg1_0.use_first_pick_rule,
        fg1_0.use_team_restriction
    from
        ft_games fg1_0
    where
        fg1_0.status=?
        and fg1_0.draft_time_limit>0
        and fg1_0.next_pick_deadline<?
Hibernate:
    select
        fg1_0.seq,
        fg1_0.created_at,
        fg1_0.draft_date,
        fg1_0.draft_time_limit,
        fg1_0.game_duration,
        fg1_0.max_participants,
        fg1_0.next_pick_deadline,
        fg1_0.rule_type,
        fg1_0.salary_cap,
        fg1_0.scoring_settings,
        fg1_0.scoring_type,
        fg1_0.status,
        fg1_0.title,
        fg1_0.use_first_pick_rule,
        fg1_0.use_team_restriction
    from
        ft_games fg1_0
    where
        fg1_0.status=?
        and fg1_0.draft_time_limit>0
        and fg1_0.next_pick_deadline<?
